0 info it worked if it ends with ok
1 verbose cli [ 'C:\\Program Files\\nodejs\\node.exe',
1 verbose cli   'C:\\Program Files\\nodejs\\node_modules\\npm\\bin\\npm-cli.js',
1 verbose cli   'install',
1 verbose cli   'ionicuirouter',
1 verbose cli   '--save' ]
2 info using npm@2.14.7
3 info using node@v4.2.2
4 verbose install initial load of D:\Projects\Ionic\Neraca\package.json
5 warn package.json neraca@1.1.1 No repository field.
6 warn package.json neraca@1.1.1 No license field.
7 verbose installManyTop reading scoped package data from D:\Projects\Ionic\Neraca\node_modules\angular\package.json
8 verbose installManyTop reading scoped package data from D:\Projects\Ionic\Neraca\node_modules\angularfire\package.json
9 verbose installManyTop reading scoped package data from D:\Projects\Ionic\Neraca\node_modules\bower\package.json
10 verbose installManyTop reading scoped package data from D:\Projects\Ionic\Neraca\node_modules\firebase\package.json
11 verbose installManyTop reading scoped package data from D:\Projects\Ionic\Neraca\node_modules\gulp\package.json
12 verbose installManyTop reading scoped package data from D:\Projects\Ionic\Neraca\node_modules\gulp-concat\package.json
13 verbose installManyTop reading scoped package data from D:\Projects\Ionic\Neraca\node_modules\gulp-minify-css\package.json
14 verbose installManyTop reading scoped package data from D:\Projects\Ionic\Neraca\node_modules\gulp-rename\package.json
15 verbose installManyTop reading scoped package data from D:\Projects\Ionic\Neraca\node_modules\gulp-sass\package.json
16 verbose installManyTop reading scoped package data from D:\Projects\Ionic\Neraca\node_modules\gulp-util\package.json
17 verbose installManyTop reading scoped package data from D:\Projects\Ionic\Neraca\node_modules\shelljs\package.json
18 info package.json firebase@3.3.0 No license field.
19 info package.json gulp-minify-css@0.3.13 No license field.
20 info package.json gulp-rename@1.2.2 No license field.
21 info package.json gulp-util@2.2.20 No license field.
22 info package.json shelljs@0.3.0 license should be a valid SPDX license expression
23 verbose readDependencies loading dependencies from D:\Projects\Ionic\Neraca\package.json
24 silly cache add args [ 'ionicuirouter', null ]
25 verbose cache add spec ionicuirouter
26 silly cache add parsed spec Result {
26 silly cache add   raw: 'ionicuirouter',
26 silly cache add   scope: null,
26 silly cache add   name: 'ionicuirouter',
26 silly cache add   rawSpec: '',
26 silly cache add   spec: '*',
26 silly cache add   type: 'range' }
27 silly addNamed ionicuirouter@*
28 verbose addNamed "*" is a valid semver range for ionicuirouter
29 silly addNameRange { name: 'ionicuirouter', range: '*', hasData: false }
30 silly mapToRegistry name ionicuirouter
31 silly mapToRegistry using default registry
32 silly mapToRegistry registry https://registry.npmjs.org/
33 silly mapToRegistry uri https://registry.npmjs.org/ionicuirouter
34 verbose addNameRange registry:https://registry.npmjs.org/ionicuirouter not in flight; fetching
35 verbose request uri https://registry.npmjs.org/ionicuirouter
36 verbose request no auth needed
37 info attempt registry request try #1 at 22:07:26
38 verbose request id c3fa8f27f12e875d
39 http request GET https://registry.npmjs.org/ionicuirouter
40 http 404 https://registry.npmjs.org/ionicuirouter
41 verbose headers { 'content-type': 'application/json',
41 verbose headers   'cache-control': 'max-age=0',
41 verbose headers   'content-length': '2',
41 verbose headers   'accept-ranges': 'bytes',
41 verbose headers   date: 'Sat, 03 Sep 2016 15:07:33 GMT',
41 verbose headers   via: '1.1 varnish',
41 verbose headers   age: '0',
41 verbose headers   connection: 'keep-alive',
41 verbose headers   'x-served-by': 'cache-sin6922-SIN',
41 verbose headers   'x-cache': 'MISS',
41 verbose headers   'x-cache-hits': '0',
41 verbose headers   'x-timer': 'S1472915253.311208,VS0,VE224',
41 verbose headers   vary: 'Accept-Encoding' }
42 silly get cb [ 404,
42 silly get   { 'content-type': 'application/json',
42 silly get     'cache-control': 'max-age=0',
42 silly get     'content-length': '2',
42 silly get     'accept-ranges': 'bytes',
42 silly get     date: 'Sat, 03 Sep 2016 15:07:33 GMT',
42 silly get     via: '1.1 varnish',
42 silly get     age: '0',
42 silly get     connection: 'keep-alive',
42 silly get     'x-served-by': 'cache-sin6922-SIN',
42 silly get     'x-cache': 'MISS',
42 silly get     'x-cache-hits': '0',
42 silly get     'x-timer': 'S1472915253.311208,VS0,VE224',
42 silly get     vary: 'Accept-Encoding' } ]
43 verbose stack Error: Registry returned 404 for GET on https://registry.npmjs.org/ionicuirouter
43 verbose stack     at makeError (C:\Program Files\nodejs\node_modules\npm\node_modules\npm-registry-client\lib\request.js:264:12)
43 verbose stack     at CachingRegistryClient.<anonymous> (C:\Program Files\nodejs\node_modules\npm\node_modules\npm-registry-client\lib\request.js:242:14)
43 verbose stack     at Request._callback (C:\Program Files\nodejs\node_modules\npm\node_modules\npm-registry-client\lib\request.js:172:14)
43 verbose stack     at Request.self.callback (C:\Program Files\nodejs\node_modules\npm\node_modules\request\request.js:198:22)
43 verbose stack     at emitTwo (events.js:87:13)
43 verbose stack     at Request.emit (events.js:172:7)
43 verbose stack     at Request.<anonymous> (C:\Program Files\nodejs\node_modules\npm\node_modules\request\request.js:1063:14)
43 verbose stack     at emitOne (events.js:82:20)
43 verbose stack     at Request.emit (events.js:169:7)
43 verbose stack     at IncomingMessage.<anonymous> (C:\Program Files\nodejs\node_modules\npm\node_modules\request\request.js:1009:12)
44 verbose statusCode 404
45 verbose pkgid ionicuirouter
46 verbose cwd D:\Projects\Ionic\Neraca
47 error Windows_NT 6.1.7601
48 error argv "C:\\Program Files\\nodejs\\node.exe" "C:\\Program Files\\nodejs\\node_modules\\npm\\bin\\npm-cli.js" "install" "ionicuirouter" "--save"
49 error node v4.2.2
50 error npm  v2.14.7
51 error code E404
52 error 404 Registry returned 404 for GET on https://registry.npmjs.org/ionicuirouter
52 error 404
52 error 404 'ionicuirouter' is not in the npm registry.
52 error 404 You should bug the author to publish it (or use the name yourself!)
52 error 404 It was specified as a dependency of 'neraca'
52 error 404
52 error 404 Note that you can also install from a
52 error 404 tarball, folder, http url, or git url.
53 verbose exit [ 1, true ]
